  MOC myglwidget.h
  moc_myglwidget.cpp
D:\cg\CG-InteriorRendering\myglwidget.h(1,1): warning C4828: 文件包含在偏移 0x12d 处开始的字符，该字符在当前源字符集中无效(代码页 65001)。
  (编译源文件“debug/moc_myglwidget.cpp”)
  
D:\cg\CG-InteriorRendering\myglwidget.h(1,1): warning C4828: 文件包含在偏移 0x12f 处开始的字符，该字符在当前源字符集中无效(代码页 65001)。
  (编译源文件“debug/moc_myglwidget.cpp”)
  
D:\cg\CG-InteriorRendering\myglwidget.h(1,1): warning C4828: 文件包含在偏移 0x131 处开始的字符，该字符在当前源字符集中无效(代码页 65001)。
  (编译源文件“debug/moc_myglwidget.cpp”)
  
D:\cg\CG-InteriorRendering\myglwidget.h(1,1): warning C4828: 文件包含在偏移 0x135 处开始的字符，该字符在当前源字符集中无效(代码页 65001)。
  (编译源文件“debug/moc_myglwidget.cpp”)
  
D:\cg\CG-InteriorRendering\myglwidget.h(1,1): warning C4828: 文件包含在偏移 0x137 处开始的字符，该字符在当前源字符集中无效(代码页 65001)。
  (编译源文件“debug/moc_myglwidget.cpp”)
  
D:\cg\CG-InteriorRendering\myglwidget.h(1,1): warning C4828: 文件包含在偏移 0x138 处开始的字符，该字符在当前源字符集中无效(代码页 65001)。
  (编译源文件“debug/moc_myglwidget.cpp”)
  
D:\cg\CG-InteriorRendering\myglwidget.h(1,1): warning C4828: 文件包含在偏移 0x2b8 处开始的字符，该字符在当前源字符集中无效(代码页 65001)。
  (编译源文件“debug/moc_myglwidget.cpp”)
  
D:\cg\CG-InteriorRendering\myglwidget.h(1,1): warning C4828: 文件包含在偏移 0x2b9 处开始的字符，该字符在当前源字符集中无效(代码页 65001)。
  (编译源文件“debug/moc_myglwidget.cpp”)
  
D:\cg\CG-InteriorRendering\myglwidget.h(1,1): warning C4828: 文件包含在偏移 0x2ba 处开始的字符，该字符在当前源字符集中无效(代码页 65001)。
  (编译源文件“debug/moc_myglwidget.cpp”)
  
D:\cg\CG-InteriorRendering\myglwidget.h(1,1): warning C4828: 文件包含在偏移 0x2bb 处开始的字符，该字符在当前源字符集中无效(代码页 65001)。
  (编译源文件“debug/moc_myglwidget.cpp”)
  
D:\cg\CG-InteriorRendering\myglwidget.h(1,1): warning C4828: 文件包含在偏移 0x2bc 处开始的字符，该字符在当前源字符集中无效(代码页 65001)。
  (编译源文件“debug/moc_myglwidget.cpp”)
  
D:\cg\CG-InteriorRendering\myglwidget.h(1,1): warning C4828: 文件包含在偏移 0x2bf 处开始的字符，该字符在当前源字符集中无效(代码页 65001)。
  (编译源文件“debug/moc_myglwidget.cpp”)
  
D:\cg\CG-InteriorRendering\myglwidget.h(1,1): warning C4828: 文件包含在偏移 0x307 处开始的字符，该字符在当前源字符集中无效(代码页 65001)。
  (编译源文件“debug/moc_myglwidget.cpp”)
  
D:\cg\CG-InteriorRendering\myglwidget.h(1,1): warning C4828: 文件包含在偏移 0x309 处开始的字符，该字符在当前源字符集中无效(代码页 65001)。
  (编译源文件“debug/moc_myglwidget.cpp”)
  
D:\cg\CG-InteriorRendering\myglwidget.h(1,1): warning C4828: 文件包含在偏移 0x30a 处开始的字符，该字符在当前源字符集中无效(代码页 65001)。
  (编译源文件“debug/moc_myglwidget.cpp”)
  
D:\cg\CG-InteriorRendering\myglwidget.h(1,1): warning C4828: 文件包含在偏移 0x360 处开始的字符，该字符在当前源字符集中无效(代码页 65001)。
  (编译源文件“debug/moc_myglwidget.cpp”)
  
D:\cg\CG-InteriorRendering\myglwidget.h(1,1): warning C4828: 文件包含在偏移 0x363 处开始的字符，该字符在当前源字符集中无效(代码页 65001)。
  (编译源文件“debug/moc_myglwidget.cpp”)
  
D:\cg\CG-InteriorRendering\myglwidget.h(1,1): warning C4828: 文件包含在偏移 0x364 处开始的字符，该字符在当前源字符集中无效(代码页 65001)。
  (编译源文件“debug/moc_myglwidget.cpp”)
  
D:\cg\CG-InteriorRendering\myglwidget.h(1,1): warning C4828: 文件包含在偏移 0x366 处开始的字符，该字符在当前源字符集中无效(代码页 65001)。
  (编译源文件“debug/moc_myglwidget.cpp”)
  
D:\cg\CG-InteriorRendering\myglwidget.h(1,1): warning C4828: 文件包含在偏移 0x369 处开始的字符，该字符在当前源字符集中无效(代码页 65001)。
  (编译源文件“debug/moc_myglwidget.cpp”)
  
D:\cg\CG-InteriorRendering\myglwidget.h(1,1): warning C4828: 文件包含在偏移 0x36a 处开始的字符，该字符在当前源字符集中无效(代码页 65001)。
  (编译源文件“debug/moc_myglwidget.cpp”)
  
D:\cg\CG-InteriorRendering\myglwidget.h(1,1): warning C4828: 文件包含在偏移 0x36c 处开始的字符，该字符在当前源字符集中无效(代码页 65001)。
  (编译源文件“debug/moc_myglwidget.cpp”)
  
D:\cg\CG-InteriorRendering\myglwidget.h(1,1): warning C4828: 文件包含在偏移 0x36d 处开始的字符，该字符在当前源字符集中无效(代码页 65001)。
  (编译源文件“debug/moc_myglwidget.cpp”)
  
D:\cg\CG-InteriorRendering\myglwidget.h(1,1): warning C4828: 文件包含在偏移 0x36e 处开始的字符，该字符在当前源字符集中无效(代码页 65001)。
  (编译源文件“debug/moc_myglwidget.cpp”)
  
D:\cg\CG-InteriorRendering\myglwidget.h(1,1): warning C4828: 文件包含在偏移 0x40a 处开始的字符，该字符在当前源字符集中无效(代码页 65001)。
  (编译源文件“debug/moc_myglwidget.cpp”)
  
D:\cg\CG-InteriorRendering\myglwidget.h(1,1): warning C4828: 文件包含在偏移 0x40b 处开始的字符，该字符在当前源字符集中无效(代码页 65001)。
  (编译源文件“debug/moc_myglwidget.cpp”)
  
D:\cg\CG-InteriorRendering\myglwidget.h(1,1): warning C4828: 文件包含在偏移 0x410 处开始的字符，该字符在当前源字符集中无效(代码页 65001)。
  (编译源文件“debug/moc_myglwidget.cpp”)
  
D:\cg\CG-InteriorRendering\myglwidget.h(1,1): warning C4828: 文件包含在偏移 0x411 处开始的字符，该字符在当前源字符集中无效(代码页 65001)。
  (编译源文件“debug/moc_myglwidget.cpp”)
  
D:\cg\CG-InteriorRendering\myglwidget.h(1,1): warning C4828: 文件包含在偏移 0x415 处开始的字符，该字符在当前源字符集中无效(代码页 65001)。
  (编译源文件“debug/moc_myglwidget.cpp”)
  
D:\cg\CG-InteriorRendering\myglwidget.h(1,1): warning C4828: 文件包含在偏移 0x416 处开始的字符，该字符在当前源字符集中无效(代码页 65001)。
  (编译源文件“debug/moc_myglwidget.cpp”)
  
D:\cg\CG-InteriorRendering\myglwidget.h(1,1): warning C4828: 文件包含在偏移 0x417 处开始的字符，该字符在当前源字符集中无效(代码页 65001)。
  (编译源文件“debug/moc_myglwidget.cpp”)
  
D:\cg\CG-InteriorRendering\myglwidget.h(1,1): warning C4828: 文件包含在偏移 0x419 处开始的字符，该字符在当前源字符集中无效(代码页 65001)。
  (编译源文件“debug/moc_myglwidget.cpp”)
  
D:\cg\CG-InteriorRendering\myglwidget.h(1,1): warning C4828: 文件包含在偏移 0x41a 处开始的字符，该字符在当前源字符集中无效(代码页 65001)。
  (编译源文件“debug/moc_myglwidget.cpp”)
  
D:\cg\CG-InteriorRendering\myglwidget.h(1,1): warning C4828: 文件包含在偏移 0x41b 处开始的字符，该字符在当前源字符集中无效(代码页 65001)。
  (编译源文件“debug/moc_myglwidget.cpp”)
  
D:\cg\CG-InteriorRendering\myglwidget.h(1,1): warning C4828: 文件包含在偏移 0x41c 处开始的字符，该字符在当前源字符集中无效(代码页 65001)。
  (编译源文件“debug/moc_myglwidget.cpp”)
  
D:\cg\CG-InteriorRendering\myglwidget.h(1,1): warning C4828: 文件包含在偏移 0x44e 处开始的字符，该字符在当前源字符集中无效(代码页 65001)。
  (编译源文件“debug/moc_myglwidget.cpp”)
  
D:\cg\CG-InteriorRendering\myglwidget.h(1,1): warning C4828: 文件包含在偏移 0x450 处开始的字符，该字符在当前源字符集中无效(代码页 65001)。
  (编译源文件“debug/moc_myglwidget.cpp”)
  
D:\cg\CG-InteriorRendering\myglwidget.h(1,1): warning C4828: 文件包含在偏移 0x452 处开始的字符，该字符在当前源字符集中无效(代码页 65001)。
  (编译源文件“debug/moc_myglwidget.cpp”)
  
D:\cg\CG-InteriorRendering\myglwidget.h(1,1): warning C4828: 文件包含在偏移 0x456 处开始的字符，该字符在当前源字符集中无效(代码页 65001)。
  (编译源文件“debug/moc_myglwidget.cpp”)
  
D:\cg\CG-InteriorRendering\myglwidget.h(1,1): warning C4828: 文件包含在偏移 0x45a 处开始的字符，该字符在当前源字符集中无效(代码页 65001)。
  (编译源文件“debug/moc_myglwidget.cpp”)
  
D:\cg\CG-InteriorRendering\myglwidget.h(1,1): warning C4828: 文件包含在偏移 0x45c 处开始的字符，该字符在当前源字符集中无效(代码页 65001)。
  (编译源文件“debug/moc_myglwidget.cpp”)
  
D:\cg\CG-InteriorRendering\myglwidget.h(1,1): warning C4828: 文件包含在偏移 0x45d 处开始的字符，该字符在当前源字符集中无效(代码页 65001)。
  (编译源文件“debug/moc_myglwidget.cpp”)
  
D:\cg\CG-InteriorRendering\myglwidget.h(1,1): warning C4828: 文件包含在偏移 0x45f 处开始的字符，该字符在当前源字符集中无效(代码页 65001)。
  (编译源文件“debug/moc_myglwidget.cpp”)
  
  main.cpp
D:\cg\CG-InteriorRendering\main.cpp(1,1): warning C4828: 文件包含在偏移 0xea 处开始的字符，该字符在当前源字符集中无效(代码页 65001)。
D:\cg\CG-InteriorRendering\main.cpp(1,1): warning C4828: 文件包含在偏移 0xec 处开始的字符，该字符在当前源字符集中无效(代码页 65001)。
D:\cg\CG-InteriorRendering\main.cpp(1,1): warning C4828: 文件包含在偏移 0xf4 处开始的字符，该字符在当前源字符集中无效(代码页 65001)。
D:\cg\CG-InteriorRendering\main.cpp(1,1): warning C4828: 文件包含在偏移 0xf5 处开始的字符，该字符在当前源字符集中无效(代码页 65001)。
D:\cg\CG-InteriorRendering\main.cpp(1,1): warning C4828: 文件包含在偏移 0x1af 处开始的字符，该字符在当前源字符集中无效(代码页 65001)。
D:\cg\CG-InteriorRendering\main.cpp(1,1): warning C4828: 文件包含在偏移 0x1b0 处开始的字符，该字符在当前源字符集中无效(代码页 65001)。
D:\cg\CG-InteriorRendering\main.cpp(1,1): warning C4828: 文件包含在偏移 0x1b1 处开始的字符，该字符在当前源字符集中无效(代码页 65001)。
D:\cg\CG-InteriorRendering\main.cpp(1,1): warning C4828: 文件包含在偏移 0x1b2 处开始的字符，该字符在当前源字符集中无效(代码页 65001)。
D:\cg\CG-InteriorRendering\main.cpp(1,1): warning C4828: 文件包含在偏移 0x1b9 处开始的字符，该字符在当前源字符集中无效(代码页 65001)。
D:\cg\CG-InteriorRendering\main.cpp(1,1): warning C4828: 文件包含在偏移 0x1ba 处开始的字符，该字符在当前源字符集中无效(代码页 65001)。
D:\cg\CG-InteriorRendering\main.cpp(1,1): warning C4828: 文件包含在偏移 0x1bb 处开始的字符，该字符在当前源字符集中无效(代码页 65001)。
D:\cg\CG-InteriorRendering\main.cpp(1,1): warning C4828: 文件包含在偏移 0x1bc 处开始的字符，该字符在当前源字符集中无效(代码页 65001)。
D:\cg\CG-InteriorRendering\myglwidget.h(1,1): warning C4828: 文件包含在偏移 0x12d 处开始的字符，该字符在当前源字符集中无效(代码页 65001)。
  (编译源文件“main.cpp”)
  
D:\cg\CG-InteriorRendering\myglwidget.h(1,1): warning C4828: 文件包含在偏移 0x12f 处开始的字符，该字符在当前源字符集中无效(代码页 65001)。
  (编译源文件“main.cpp”)
  
D:\cg\CG-InteriorRendering\myglwidget.h(1,1): warning C4828: 文件包含在偏移 0x131 处开始的字符，该字符在当前源字符集中无效(代码页 65001)。
  (编译源文件“main.cpp”)
  
D:\cg\CG-InteriorRendering\myglwidget.h(1,1): warning C4828: 文件包含在偏移 0x135 处开始的字符，该字符在当前源字符集中无效(代码页 65001)。
  (编译源文件“main.cpp”)
  
D:\cg\CG-InteriorRendering\myglwidget.h(1,1): warning C4828: 文件包含在偏移 0x137 处开始的字符，该字符在当前源字符集中无效(代码页 65001)。
  (编译源文件“main.cpp”)
  
D:\cg\CG-InteriorRendering\myglwidget.h(1,1): warning C4828: 文件包含在偏移 0x138 处开始的字符，该字符在当前源字符集中无效(代码页 65001)。
  (编译源文件“main.cpp”)
  
D:\cg\CG-InteriorRendering\myglwidget.h(1,1): warning C4828: 文件包含在偏移 0x2b8 处开始的字符，该字符在当前源字符集中无效(代码页 65001)。
  (编译源文件“main.cpp”)
  
D:\cg\CG-InteriorRendering\myglwidget.h(1,1): warning C4828: 文件包含在偏移 0x2b9 处开始的字符，该字符在当前源字符集中无效(代码页 65001)。
  (编译源文件“main.cpp”)
  
D:\cg\CG-InteriorRendering\myglwidget.h(1,1): warning C4828: 文件包含在偏移 0x2ba 处开始的字符，该字符在当前源字符集中无效(代码页 65001)。
  (编译源文件“main.cpp”)
  
D:\cg\CG-InteriorRendering\myglwidget.h(1,1): warning C4828: 文件包含在偏移 0x2bb 处开始的字符，该字符在当前源字符集中无效(代码页 65001)。
  (编译源文件“main.cpp”)
  
D:\cg\CG-InteriorRendering\myglwidget.h(1,1): warning C4828: 文件包含在偏移 0x2bc 处开始的字符，该字符在当前源字符集中无效(代码页 65001)。
  (编译源文件“main.cpp”)
  
D:\cg\CG-InteriorRendering\myglwidget.h(1,1): warning C4828: 文件包含在偏移 0x2bf 处开始的字符，该字符在当前源字符集中无效(代码页 65001)。
  (编译源文件“main.cpp”)
  
D:\cg\CG-InteriorRendering\myglwidget.h(1,1): warning C4828: 文件包含在偏移 0x307 处开始的字符，该字符在当前源字符集中无效(代码页 65001)。
  (编译源文件“main.cpp”)
  
D:\cg\CG-InteriorRendering\myglwidget.h(1,1): warning C4828: 文件包含在偏移 0x309 处开始的字符，该字符在当前源字符集中无效(代码页 65001)。
  (编译源文件“main.cpp”)
  
D:\cg\CG-InteriorRendering\myglwidget.h(1,1): warning C4828: 文件包含在偏移 0x30a 处开始的字符，该字符在当前源字符集中无效(代码页 65001)。
  (编译源文件“main.cpp”)
  
D:\cg\CG-InteriorRendering\myglwidget.h(1,1): warning C4828: 文件包含在偏移 0x360 处开始的字符，该字符在当前源字符集中无效(代码页 65001)。
  (编译源文件“main.cpp”)
  
D:\cg\CG-InteriorRendering\myglwidget.h(1,1): warning C4828: 文件包含在偏移 0x363 处开始的字符，该字符在当前源字符集中无效(代码页 65001)。
  (编译源文件“main.cpp”)
  
D:\cg\CG-InteriorRendering\myglwidget.h(1,1): warning C4828: 文件包含在偏移 0x364 处开始的字符，该字符在当前源字符集中无效(代码页 65001)。
  (编译源文件“main.cpp”)
  
D:\cg\CG-InteriorRendering\myglwidget.h(1,1): warning C4828: 文件包含在偏移 0x366 处开始的字符，该字符在当前源字符集中无效(代码页 65001)。
  (编译源文件“main.cpp”)
  
D:\cg\CG-InteriorRendering\myglwidget.h(1,1): warning C4828: 文件包含在偏移 0x369 处开始的字符，该字符在当前源字符集中无效(代码页 65001)。
  (编译源文件“main.cpp”)
  
D:\cg\CG-InteriorRendering\myglwidget.h(1,1): warning C4828: 文件包含在偏移 0x36a 处开始的字符，该字符在当前源字符集中无效(代码页 65001)。
  (编译源文件“main.cpp”)
  
D:\cg\CG-InteriorRendering\myglwidget.h(1,1): warning C4828: 文件包含在偏移 0x36c 处开始的字符，该字符在当前源字符集中无效(代码页 65001)。
  (编译源文件“main.cpp”)
  
D:\cg\CG-InteriorRendering\myglwidget.h(1,1): warning C4828: 文件包含在偏移 0x36d 处开始的字符，该字符在当前源字符集中无效(代码页 65001)。
  (编译源文件“main.cpp”)
  
D:\cg\CG-InteriorRendering\myglwidget.h(1,1): warning C4828: 文件包含在偏移 0x36e 处开始的字符，该字符在当前源字符集中无效(代码页 65001)。
  (编译源文件“main.cpp”)
  
D:\cg\CG-InteriorRendering\myglwidget.h(1,1): warning C4828: 文件包含在偏移 0x40a 处开始的字符，该字符在当前源字符集中无效(代码页 65001)。
  (编译源文件“main.cpp”)
  
D:\cg\CG-InteriorRendering\myglwidget.h(1,1): warning C4828: 文件包含在偏移 0x40b 处开始的字符，该字符在当前源字符集中无效(代码页 65001)。
  (编译源文件“main.cpp”)
  
D:\cg\CG-InteriorRendering\myglwidget.h(1,1): warning C4828: 文件包含在偏移 0x410 处开始的字符，该字符在当前源字符集中无效(代码页 65001)。
  (编译源文件“main.cpp”)
  
D:\cg\CG-InteriorRendering\myglwidget.h(1,1): warning C4828: 文件包含在偏移 0x411 处开始的字符，该字符在当前源字符集中无效(代码页 65001)。
  (编译源文件“main.cpp”)
  
D:\cg\CG-InteriorRendering\myglwidget.h(1,1): warning C4828: 文件包含在偏移 0x415 处开始的字符，该字符在当前源字符集中无效(代码页 65001)。
  (编译源文件“main.cpp”)
  
D:\cg\CG-InteriorRendering\myglwidget.h(1,1): warning C4828: 文件包含在偏移 0x416 处开始的字符，该字符在当前源字符集中无效(代码页 65001)。
  (编译源文件“main.cpp”)
  
D:\cg\CG-InteriorRendering\myglwidget.h(1,1): warning C4828: 文件包含在偏移 0x417 处开始的字符，该字符在当前源字符集中无效(代码页 65001)。
  (编译源文件“main.cpp”)
  
D:\cg\CG-InteriorRendering\myglwidget.h(1,1): warning C4828: 文件包含在偏移 0x419 处开始的字符，该字符在当前源字符集中无效(代码页 65001)。
  (编译源文件“main.cpp”)
  
D:\cg\CG-InteriorRendering\myglwidget.h(1,1): warning C4828: 文件包含在偏移 0x41a 处开始的字符，该字符在当前源字符集中无效(代码页 65001)。
  (编译源文件“main.cpp”)
  
D:\cg\CG-InteriorRendering\myglwidget.h(1,1): warning C4828: 文件包含在偏移 0x41b 处开始的字符，该字符在当前源字符集中无效(代码页 65001)。
  (编译源文件“main.cpp”)
  
D:\cg\CG-InteriorRendering\myglwidget.h(1,1): warning C4828: 文件包含在偏移 0x41c 处开始的字符，该字符在当前源字符集中无效(代码页 65001)。
  (编译源文件“main.cpp”)
  
D:\cg\CG-InteriorRendering\myglwidget.h(1,1): warning C4828: 文件包含在偏移 0x44e 处开始的字符，该字符在当前源字符集中无效(代码页 65001)。
  (编译源文件“main.cpp”)
  
D:\cg\CG-InteriorRendering\myglwidget.h(1,1): warning C4828: 文件包含在偏移 0x450 处开始的字符，该字符在当前源字符集中无效(代码页 65001)。
  (编译源文件“main.cpp”)
  
D:\cg\CG-InteriorRendering\myglwidget.h(1,1): warning C4828: 文件包含在偏移 0x452 处开始的字符，该字符在当前源字符集中无效(代码页 65001)。
  (编译源文件“main.cpp”)
  
D:\cg\CG-InteriorRendering\myglwidget.h(1,1): warning C4828: 文件包含在偏移 0x456 处开始的字符，该字符在当前源字符集中无效(代码页 65001)。
  (编译源文件“main.cpp”)
  
D:\cg\CG-InteriorRendering\myglwidget.h(1,1): warning C4828: 文件包含在偏移 0x45a 处开始的字符，该字符在当前源字符集中无效(代码页 65001)。
  (编译源文件“main.cpp”)
  
D:\cg\CG-InteriorRendering\myglwidget.h(1,1): warning C4828: 文件包含在偏移 0x45c 处开始的字符，该字符在当前源字符集中无效(代码页 65001)。
  (编译源文件“main.cpp”)
  
D:\cg\CG-InteriorRendering\myglwidget.h(1,1): warning C4828: 文件包含在偏移 0x45d 处开始的字符，该字符在当前源字符集中无效(代码页 65001)。
  (编译源文件“main.cpp”)
  
D:\cg\CG-InteriorRendering\myglwidget.h(1,1): warning C4828: 文件包含在偏移 0x45f 处开始的字符，该字符在当前源字符集中无效(代码页 65001)。
  (编译源文件“main.cpp”)
  
  myglwidget.cpp
D:\cg\CG-InteriorRendering\myglwidget.cpp(1,1): warning C4828: 文件包含在偏移 0x1f1 处开始的字符，该字符在当前源字符集中无效(代码页 65001)。
D:\cg\CG-InteriorRendering\myglwidget.cpp(1,1): warning C4828: 文件包含在偏移 0x1f2 处开始的字符，该字符在当前源字符集中无效(代码页 65001)。
D:\cg\CG-InteriorRendering\myglwidget.cpp(1,1): warning C4828: 文件包含在偏移 0x1f4 处开始的字符，该字符在当前源字符集中无效(代码页 65001)。
D:\cg\CG-InteriorRendering\myglwidget.cpp(1,1): warning C4828: 文件包含在偏移 0x1f6 处开始的字符，该字符在当前源字符集中无效(代码页 65001)。
D:\cg\CG-InteriorRendering\myglwidget.cpp(1,1): warning C4828: 文件包含在偏移 0x1f7 处开始的字符，该字符在当前源字符集中无效(代码页 65001)。
D:\cg\CG-InteriorRendering\myglwidget.cpp(1,1): warning C4828: 文件包含在偏移 0x1f9 处开始的字符，该字符在当前源字符集中无效(代码页 65001)。
D:\cg\CG-InteriorRendering\myglwidget.cpp(1,1): warning C4828: 文件包含在偏移 0x1fb 处开始的字符，该字符在当前源字符集中无效(代码页 65001)。
D:\cg\CG-InteriorRendering\myglwidget.cpp(1,1): warning C4828: 文件包含在偏移 0x1fe 处开始的字符，该字符在当前源字符集中无效(代码页 65001)。
D:\cg\CG-InteriorRendering\myglwidget.cpp(1,1): warning C4828: 文件包含在偏移 0x201 处开始的字符，该字符在当前源字符集中无效(代码页 65001)。
D:\cg\CG-InteriorRendering\myglwidget.cpp(1,1): warning C4828: 文件包含在偏移 0x202 处开始的字符，该字符在当前源字符集中无效(代码页 65001)。
D:\cg\CG-InteriorRendering\myglwidget.cpp(1,1): warning C4828: 文件包含在偏移 0x244 处开始的字符，该字符在当前源字符集中无效(代码页 65001)。
D:\cg\CG-InteriorRendering\myglwidget.cpp(1,1): warning C4828: 文件包含在偏移 0x245 处开始的字符，该字符在当前源字符集中无效(代码页 65001)。
D:\cg\CG-InteriorRendering\myglwidget.cpp(1,1): warning C4828: 文件包含在偏移 0x246 处开始的字符，该字符在当前源字符集中无效(代码页 65001)。
D:\cg\CG-InteriorRendering\myglwidget.cpp(1,1): warning C4828: 文件包含在偏移 0x248 处开始的字符，该字符在当前源字符集中无效(代码页 65001)。
D:\cg\CG-InteriorRendering\myglwidget.cpp(1,1): warning C4828: 文件包含在偏移 0x24a 处开始的字符，该字符在当前源字符集中无效(代码页 65001)。
D:\cg\CG-InteriorRendering\myglwidget.cpp(1,1): warning C4828: 文件包含在偏移 0x24d 处开始的字符，该字符在当前源字符集中无效(代码页 65001)。
D:\cg\CG-InteriorRendering\myglwidget.cpp(1,1): warning C4828: 文件包含在偏移 0x269 处开始的字符，该字符在当前源字符集中无效(代码页 65001)。
D:\cg\CG-InteriorRendering\myglwidget.cpp(1,1): warning C4828: 文件包含在偏移 0x26b 处开始的字符，该字符在当前源字符集中无效(代码页 65001)。
D:\cg\CG-InteriorRendering\myglwidget.cpp(1,1): warning C4828: 文件包含在偏移 0x26d 处开始的字符，该字符在当前源字符集中无效(代码页 65001)。
D:\cg\CG-InteriorRendering\myglwidget.cpp(1,1): warning C4828: 文件包含在偏移 0x271 处开始的字符，该字符在当前源字符集中无效(代码页 65001)。
D:\cg\CG-InteriorRendering\myglwidget.cpp(1,1): warning C4828: 文件包含在偏移 0x273 处开始的字符，该字符在当前源字符集中无效(代码页 65001)。
D:\cg\CG-InteriorRendering\myglwidget.cpp(1,1): warning C4828: 文件包含在偏移 0x274 处开始的字符，该字符在当前源字符集中无效(代码页 65001)。
D:\cg\CG-InteriorRendering\myglwidget.cpp(1,1): warning C4828: 文件包含在偏移 0x276 处开始的字符，该字符在当前源字符集中无效(代码页 65001)。
D:\cg\CG-InteriorRendering\myglwidget.cpp(1,1): warning C4828: 文件包含在偏移 0x4d8 处开始的字符，该字符在当前源字符集中无效(代码页 65001)。
D:\cg\CG-InteriorRendering\myglwidget.cpp(1,1): warning C4828: 文件包含在偏移 0x4da 处开始的字符，该字符在当前源字符集中无效(代码页 65001)。
D:\cg\CG-InteriorRendering\myglwidget.cpp(1,1): warning C4828: 文件包含在偏移 0x4db 处开始的字符，该字符在当前源字符集中无效(代码页 65001)。
D:\cg\CG-InteriorRendering\myglwidget.cpp(1,1): warning C4828: 文件包含在偏移 0x4dc 处开始的字符，该字符在当前源字符集中无效(代码页 65001)。
D:\cg\CG-InteriorRendering\myglwidget.cpp(1,1): warning C4828: 文件包含在偏移 0x4de 处开始的字符，该字符在当前源字符集中无效(代码页 65001)。
D:\cg\CG-InteriorRendering\myglwidget.cpp(1,1): warning C4828: 文件包含在偏移 0x4df 处开始的字符，该字符在当前源字符集中无效(代码页 65001)。
D:\cg\CG-InteriorRendering\myglwidget.cpp(1,1): warning C4828: 文件包含在偏移 0x4e0 处开始的字符，该字符在当前源字符集中无效(代码页 65001)。
D:\cg\CG-InteriorRendering\myglwidget.cpp(1,1): warning C4828: 文件包含在偏移 0x4e1 处开始的字符，该字符在当前源字符集中无效(代码页 65001)。
D:\cg\CG-InteriorRendering\myglwidget.cpp(1,1): warning C4828: 文件包含在偏移 0x4e2 处开始的字符，该字符在当前源字符集中无效(代码页 65001)。
D:\cg\CG-InteriorRendering\myglwidget.cpp(1,1): warning C4828: 文件包含在偏移 0x4e5 处开始的字符，该字符在当前源字符集中无效(代码页 65001)。
D:\cg\CG-InteriorRendering\myglwidget.cpp(1,1): warning C4828: 文件包含在偏移 0x4e7 处开始的字符，该字符在当前源字符集中无效(代码页 65001)。
D:\cg\CG-InteriorRendering\myglwidget.cpp(1,1): warning C4828: 文件包含在偏移 0x4e9 处开始的字符，该字符在当前源字符集中无效(代码页 65001)。
D:\cg\CG-InteriorRendering\myglwidget.cpp(1,1): warning C4828: 文件包含在偏移 0x4ea 处开始的字符，该字符在当前源字符集中无效(代码页 65001)。
D:\cg\CG-InteriorRendering\myglwidget.cpp(1,1): warning C4828: 文件包含在偏移 0x4eb 处开始的字符，该字符在当前源字符集中无效(代码页 65001)。
D:\cg\CG-InteriorRendering\myglwidget.cpp(1,1): warning C4828: 文件包含在偏移 0x4ed 处开始的字符，该字符在当前源字符集中无效(代码页 65001)。
D:\cg\CG-InteriorRendering\myglwidget.cpp(1,1): warning C4828: 文件包含在偏移 0x53c 处开始的字符，该字符在当前源字符集中无效(代码页 65001)。
D:\cg\CG-InteriorRendering\myglwidget.cpp(1,1): warning C4828: 文件包含在偏移 0x53e 处开始的字符，该字符在当前源字符集中无效(代码页 65001)。
D:\cg\CG-InteriorRendering\myglwidget.cpp(1,1): warning C4828: 文件包含在偏移 0x53f 处开始的字符，该字符在当前源字符集中无效(代码页 65001)。
D:\cg\CG-InteriorRendering\myglwidget.cpp(1,1): warning C4828: 文件包含在偏移 0x540 处开始的字符，该字符在当前源字符集中无效(代码页 65001)。
D:\cg\CG-InteriorRendering\myglwidget.cpp(1,1): warning C4828: 文件包含在偏移 0x542 处开始的字符，该字符在当前源字符集中无效(代码页 65001)。
D:\cg\CG-InteriorRendering\myglwidget.cpp(1,1): warning C4828: 文件包含在偏移 0x543 处开始的字符，该字符在当前源字符集中无效(代码页 65001)。
D:\cg\CG-InteriorRendering\myglwidget.cpp(1,1): warning C4828: 文件包含在偏移 0x544 处开始的字符，该字符在当前源字符集中无效(代码页 65001)。
D:\cg\CG-InteriorRendering\myglwidget.cpp(1,1): warning C4828: 文件包含在偏移 0x545 处开始的字符，该字符在当前源字符集中无效(代码页 65001)。
D:\cg\CG-InteriorRendering\myglwidget.cpp(1,1): warning C4828: 文件包含在偏移 0x546 处开始的字符，该字符在当前源字符集中无效(代码页 65001)。
D:\cg\CG-InteriorRendering\myglwidget.cpp(1,1): warning C4828: 文件包含在偏移 0x549 处开始的字符，该字符在当前源字符集中无效(代码页 65001)。
D:\cg\CG-InteriorRendering\myglwidget.cpp(1,1): warning C4828: 文件包含在偏移 0x54b 处开始的字符，该字符在当前源字符集中无效(代码页 65001)。
D:\cg\CG-InteriorRendering\myglwidget.cpp(1,1): warning C4828: 文件包含在偏移 0x54c 处开始的字符，该字符在当前源字符集中无效(代码页 65001)。
D:\cg\CG-InteriorRendering\myglwidget.cpp(1,1): warning C4828: 文件包含在偏移 0x54d 处开始的字符，该字符在当前源字符集中无效(代码页 65001)。
D:\cg\CG-InteriorRendering\myglwidget.cpp(1,1): warning C4828: 文件包含在偏移 0x54e 处开始的字符，该字符在当前源字符集中无效(代码页 65001)。
D:\cg\CG-InteriorRendering\myglwidget.cpp(1,1): warning C4828: 文件包含在偏移 0x54f 处开始的字符，该字符在当前源字符集中无效(代码页 65001)。
D:\cg\CG-InteriorRendering\myglwidget.cpp(1,1): warning C4828: 文件包含在偏移 0x551 处开始的字符，该字符在当前源字符集中无效(代码页 65001)。
D:\cg\CG-InteriorRendering\myglwidget.cpp(1,1): warning C4828: 文件包含在偏移 0x5a0 处开始的字符，该字符在当前源字符集中无效(代码页 65001)。
D:\cg\CG-InteriorRendering\myglwidget.cpp(1,1): warning C4828: 文件包含在偏移 0x5a2 处开始的字符，该字符在当前源字符集中无效(代码页 65001)。
D:\cg\CG-InteriorRendering\myglwidget.cpp(1,1): warning C4828: 文件包含在偏移 0x5a3 处开始的字符，该字符在当前源字符集中无效(代码页 65001)。
D:\cg\CG-InteriorRendering\myglwidget.cpp(1,1): warning C4828: 文件包含在偏移 0x5a4 处开始的字符，该字符在当前源字符集中无效(代码页 65001)。
D:\cg\CG-InteriorRendering\myglwidget.cpp(1,1): warning C4828: 文件包含在偏移 0x5a6 处开始的字符，该字符在当前源字符集中无效(代码页 65001)。
D:\cg\CG-InteriorRendering\myglwidget.cpp(1,1): warning C4828: 文件包含在偏移 0x5a7 处开始的字符，该字符在当前源字符集中无效(代码页 65001)。
D:\cg\CG-InteriorRendering\myglwidget.cpp(1,1): warning C4828: 文件包含在偏移 0x5a8 处开始的字符，该字符在当前源字符集中无效(代码页 65001)。
D:\cg\CG-InteriorRendering\myglwidget.cpp(1,1): warning C4828: 文件包含在偏移 0x5a9 处开始的字符，该字符在当前源字符集中无效(代码页 65001)。
D:\cg\CG-InteriorRendering\myglwidget.cpp(1,1): warning C4828: 文件包含在偏移 0x5aa 处开始的字符，该字符在当前源字符集中无效(代码页 65001)。
D:\cg\CG-InteriorRendering\myglwidget.cpp(1,1): warning C4828: 文件包含在偏移 0x5ad 处开始的字符，该字符在当前源字符集中无效(代码页 65001)。
D:\cg\CG-InteriorRendering\myglwidget.cpp(1,1): warning C4828: 文件包含在偏移 0x5af 处开始的字符，该字符在当前源字符集中无效(代码页 65001)。
D:\cg\CG-InteriorRendering\myglwidget.cpp(1,1): warning C4828: 文件包含在偏移 0x5b1 处开始的字符，该字符在当前源字符集中无效(代码页 65001)。
D:\cg\CG-InteriorRendering\myglwidget.cpp(1,1): warning C4828: 文件包含在偏移 0x5b2 处开始的字符，该字符在当前源字符集中无效(代码页 65001)。
D:\cg\CG-InteriorRendering\myglwidget.cpp(1,1): warning C4828: 文件包含在偏移 0x5b3 处开始的字符，该字符在当前源字符集中无效(代码页 65001)。
D:\cg\CG-InteriorRendering\myglwidget.cpp(1,1): warning C4828: 文件包含在偏移 0x5b5 处开始的字符，该字符在当前源字符集中无效(代码页 65001)。
D:\cg\CG-InteriorRendering\myglwidget.cpp(1,1): warning C4828: 文件包含在偏移 0x604 处开始的字符，该字符在当前源字符集中无效(代码页 65001)。
D:\cg\CG-InteriorRendering\myglwidget.cpp(1,1): warning C4828: 文件包含在偏移 0x606 处开始的字符，该字符在当前源字符集中无效(代码页 65001)。
D:\cg\CG-InteriorRendering\myglwidget.cpp(1,1): warning C4828: 文件包含在偏移 0x607 处开始的字符，该字符在当前源字符集中无效(代码页 65001)。
D:\cg\CG-InteriorRendering\myglwidget.cpp(1,1): warning C4828: 文件包含在偏移 0x608 处开始的字符，该字符在当前源字符集中无效(代码页 65001)。
D:\cg\CG-InteriorRendering\myglwidget.cpp(1,1): warning C4828: 文件包含在偏移 0x60a 处开始的字符，该字符在当前源字符集中无效(代码页 65001)。
D:\cg\CG-InteriorRendering\myglwidget.cpp(1,1): warning C4828: 文件包含在偏移 0x60b 处开始的字符，该字符在当前源字符集中无效(代码页 65001)。
D:\cg\CG-InteriorRendering\myglwidget.cpp(1,1): warning C4828: 文件包含在偏移 0x60c 处开始的字符，该字符在当前源字符集中无效(代码页 65001)。
D:\cg\CG-InteriorRendering\myglwidget.cpp(1,1): warning C4828: 文件包含在偏移 0x60d 处开始的字符，该字符在当前源字符集中无效(代码页 65001)。
D:\cg\CG-InteriorRendering\myglwidget.cpp(1,1): warning C4828: 文件包含在偏移 0x60e 处开始的字符，该字符在当前源字符集中无效(代码页 65001)。
D:\cg\CG-InteriorRendering\myglwidget.cpp(1,1): warning C4828: 文件包含在偏移 0x611 处开始的字符，该字符在当前源字符集中无效(代码页 65001)。
D:\cg\CG-InteriorRendering\myglwidget.cpp(1,1): warning C4828: 文件包含在偏移 0x613 处开始的字符，该字符在当前源字符集中无效(代码页 65001)。
D:\cg\CG-InteriorRendering\myglwidget.cpp(1,1): warning C4828: 文件包含在偏移 0x614 处开始的字符，该字符在当前源字符集中无效(代码页 65001)。
D:\cg\CG-InteriorRendering\myglwidget.cpp(1,1): warning C4828: 文件包含在偏移 0x615 处开始的字符，该字符在当前源字符集中无效(代码页 65001)。
D:\cg\CG-InteriorRendering\myglwidget.cpp(1,1): warning C4828: 文件包含在偏移 0x616 处开始的字符，该字符在当前源字符集中无效(代码页 65001)。
D:\cg\CG-InteriorRendering\myglwidget.cpp(1,1): warning C4828: 文件包含在偏移 0x617 处开始的字符，该字符在当前源字符集中无效(代码页 65001)。
D:\cg\CG-InteriorRendering\myglwidget.cpp(1,1): warning C4828: 文件包含在偏移 0x619 处开始的字符，该字符在当前源字符集中无效(代码页 65001)。
D:\cg\CG-InteriorRendering\myglwidget.cpp(1,1): warning C4828: 文件包含在偏移 0x669 处开始的字符，该字符在当前源字符集中无效(代码页 65001)。
D:\cg\CG-InteriorRendering\myglwidget.cpp(1,1): warning C4828: 文件包含在偏移 0x66a 处开始的字符，该字符在当前源字符集中无效(代码页 65001)。
D:\cg\CG-InteriorRendering\myglwidget.cpp(1,1): warning C4828: 文件包含在偏移 0x66b 处开始的字符，该字符在当前源字符集中无效(代码页 65001)。
D:\cg\CG-InteriorRendering\myglwidget.cpp(1,1): warning C4828: 文件包含在偏移 0x66c 处开始的字符，该字符在当前源字符集中无效(代码页 65001)。
D:\cg\CG-InteriorRendering\myglwidget.cpp(1,1): warning C4828: 文件包含在偏移 0x66d 处开始的字符，该字符在当前源字符集中无效(代码页 65001)。
D:\cg\CG-InteriorRendering\myglwidget.cpp(1,1): warning C4828: 文件包含在偏移 0x670 处开始的字符，该字符在当前源字符集中无效(代码页 65001)。
D:\cg\CG-InteriorRendering\myglwidget.cpp(1,1): warning C4828: 文件包含在偏移 0x672 处开始的字符，该字符在当前源字符集中无效(代码页 65001)。
D:\cg\CG-InteriorRendering\myglwidget.cpp(1,1): warning C4828: 文件包含在偏移 0x674 处开始的字符，该字符在当前源字符集中无效(代码页 65001)。
D:\cg\CG-InteriorRendering\myglwidget.cpp(1,1): warning C4828: 文件包含在偏移 0x675 处开始的字符，该字符在当前源字符集中无效(代码页 65001)。
D:\cg\CG-InteriorRendering\myglwidget.cpp(1,1): warning C4828: 文件包含在偏移 0x676 处开始的字符，该字符在当前源字符集中无效(代码页 65001)。
D:\cg\CG-InteriorRendering\myglwidget.cpp(1,1): warning C4828: 文件包含在偏移 0x678 处开始的字符，该字符在当前源字符集中无效(代码页 65001)。
D:\cg\CG-InteriorRendering\myglwidget.cpp(1,1): warning C4828: 文件包含在偏移 0x6c8 处开始的字符，该字符在当前源字符集中无效(代码页 65001)。
D:\cg\CG-InteriorRendering\myglwidget.cpp(1,1): warning C4828: 文件包含在偏移 0x6c9 处开始的字符，该字符在当前源字符集中无效(代码页 65001)。
D:\cg\CG-InteriorRendering\myglwidget.cpp(1,1): warning C4828: 文件包含在偏移 0x6ca 处开始的字符，该字符在当前源字符集中无效(代码页 65001)。
D:\cg\CG-InteriorRendering\myglwidget.cpp(1,1): warning C4828: 文件包含在偏移 0x6cb 处开始的字符，该字符在当前源字符集中无效(代码页 65001)。
D:\cg\CG-InteriorRendering\myglwidget.cpp(1,1): warning C4828: 文件包含在偏移 0x6cc 处开始的字符，该字符在当前源字符集中无效(代码页 65001)。
D:\cg\CG-InteriorRendering\myglwidget.cpp(1,1): warning C4828: 文件包含在偏移 0x6cf 处开始的字符，该字符在当前源字符集中无效(代码页 65001)。
D:\cg\CG-InteriorRendering\myglwidget.cpp(1,1): warning C4828: 文件包含在偏移 0x6d1 处开始的字符，该字符在当前源字符集中无效(代码页 65001)。
D:\cg\CG-InteriorRendering\myglwidget.cpp(1,1): warning C4828: 文件包含在偏移 0x6d2 处开始的字符，该字符在当前源字符集中无效(代码页 65001)。
D:\cg\CG-InteriorRendering\myglwidget.cpp(1,1): warning C4828: 文件包含在偏移 0x6d3 处开始的字符，该字符在当前源字符集中无效(代码页 65001)。
D:\cg\CG-InteriorRendering\myglwidget.cpp(1,1): warning C4828: 文件包含在偏移 0x6d4 处开始的字符，该字符在当前源字符集中无效(代码页 65001)。
D:\cg\CG-InteriorRendering\myglwidget.cpp(1,1): warning C4828: 文件包含在偏移 0x6d5 处开始的字符，该字符在当前源字符集中无效(代码页 65001)。
D:\cg\CG-InteriorRendering\myglwidget.cpp(1,1): warning C4828: 文件包含在偏移 0x6d7 处开始的字符，该字符在当前源字符集中无效(代码页 65001)。
D:\cg\CG-InteriorRendering\myglwidget.cpp(1,1): warning C4828: 文件包含在偏移 0x75c 处开始的字符，该字符在当前源字符集中无效(代码页 65001)。
D:\cg\CG-InteriorRendering\myglwidget.cpp(1,1): warning C4828: 文件包含在偏移 0x75e 处开始的字符，该字符在当前源字符集中无效(代码页 65001)。
D:\cg\CG-InteriorRendering\myglwidget.cpp(1,1): warning C4828: 文件包含在偏移 0x761 处开始的字符，该字符在当前源字符集中无效(代码页 65001)。
D:\cg\CG-InteriorRendering\myglwidget.cpp(1,1): warning C4828: 文件包含在偏移 0x762 处开始的字符，该字符在当前源字符集中无效(代码页 65001)。
D:\cg\CG-InteriorRendering\myglwidget.cpp(1,1): warning C4828: 文件包含在偏移 0x763 处开始的字符，该字符在当前源字符集中无效(代码页 65001)。
D:\cg\CG-InteriorRendering\myglwidget.cpp(1,1): warning C4828: 文件包含在偏移 0x766 处开始的字符，该字符在当前源字符集中无效(代码页 65001)。
D:\cg\CG-InteriorRendering\myglwidget.cpp(1,1): warning C4828: 文件包含在偏移 0x767 处开始的字符，该字符在当前源字符集中无效(代码页 65001)。
D:\cg\CG-InteriorRendering\myglwidget.cpp(1,1): warning C4828: 文件包含在偏移 0x768 处开始的字符，该字符在当前源字符集中无效(代码页 65001)。
D:\cg\CG-InteriorRendering\myglwidget.cpp(1,1): warning C4828: 文件包含在偏移 0x769 处开始的字符，该字符在当前源字符集中无效(代码页 65001)。
D:\cg\CG-InteriorRendering\myglwidget.cpp(1,1): warning C4828: 文件包含在偏移 0x76e 处开始的字符，该字符在当前源字符集中无效(代码页 65001)。
D:\cg\CG-InteriorRendering\myglwidget.cpp(1,1): warning C4828: 文件包含在偏移 0x76f 处开始的字符，该字符在当前源字符集中无效(代码页 65001)。
D:\cg\CG-InteriorRendering\myglwidget.cpp(1,1): warning C4828: 文件包含在偏移 0x771 处开始的字符，该字符在当前源字符集中无效(代码页 65001)。
D:\cg\CG-InteriorRendering\myglwidget.cpp(1,1): warning C4828: 文件包含在偏移 0x773 处开始的字符，该字符在当前源字符集中无效(代码页 65001)。
D:\cg\CG-InteriorRendering\myglwidget.cpp(1,1): warning C4828: 文件包含在偏移 0x774 处开始的字符，该字符在当前源字符集中无效(代码页 65001)。
D:\cg\CG-InteriorRendering\myglwidget.cpp(1,1): warning C4828: 文件包含在偏移 0x877 处开始的字符，该字符在当前源字符集中无效(代码页 65001)。
D:\cg\CG-InteriorRendering\myglwidget.cpp(1,1): warning C4828: 文件包含在偏移 0x879 处开始的字符，该字符在当前源字符集中无效(代码页 65001)。
D:\cg\CG-InteriorRendering\myglwidget.cpp(1,1): warning C4828: 文件包含在偏移 0x87a 处开始的字符，该字符在当前源字符集中无效(代码页 65001)。
D:\cg\CG-InteriorRendering\myglwidget.cpp(1,1): warning C4828: 文件包含在偏移 0x87e 处开始的字符，该字符在当前源字符集中无效(代码页 65001)。
D:\cg\CG-InteriorRendering\myglwidget.cpp(1,1): warning C4828: 文件包含在偏移 0x87f 处开始的字符，该字符在当前源字符集中无效(代码页 65001)。
D:\cg\CG-InteriorRendering\myglwidget.cpp(1,1): warning C4828: 文件包含在偏移 0x880 处开始的字符，该字符在当前源字符集中无效(代码页 65001)。
D:\cg\CG-InteriorRendering\myglwidget.cpp(1,1): warning C4828: 文件包含在偏移 0x882 处开始的字符，该字符在当前源字符集中无效(代码页 65001)。
D:\cg\CG-InteriorRendering\myglwidget.cpp(1,1): warning C4828: 文件包含在偏移 0x886 处开始的字符，该字符在当前源字符集中无效(代码页 65001)。
D:\cg\CG-InteriorRendering\myglwidget.cpp(1,1): warning C4828: 文件包含在偏移 0x889 处开始的字符，该字符在当前源字符集中无效(代码页 65001)。
D:\cg\CG-InteriorRendering\myglwidget.cpp(1,1): warning C4828: 文件包含在偏移 0x88b 处开始的字符，该字符在当前源字符集中无效(代码页 65001)。
D:\cg\CG-InteriorRendering\myglwidget.cpp(1,1): warning C4828: 文件包含在偏移 0x88c 处开始的字符，该字符在当前源字符集中无效(代码页 65001)。
D:\cg\CG-InteriorRendering\myglwidget.cpp(1,1): warning C4828: 文件包含在偏移 0x88d 处开始的字符，该字符在当前源字符集中无效(代码页 65001)。
D:\cg\CG-InteriorRendering\myglwidget.cpp(1,1): warning C4828: 文件包含在偏移 0x88e 处开始的字符，该字符在当前源字符集中无效(代码页 65001)。
D:\cg\CG-InteriorRendering\myglwidget.cpp(1,1): warning C4828: 文件包含在偏移 0x890 处开始的字符，该字符在当前源字符集中无效(代码页 65001)。
D:\cg\CG-InteriorRendering\myglwidget.cpp(1,1): warning C4828: 文件包含在偏移 0x892 处开始的字符，该字符在当前源字符集中无效(代码页 65001)。
D:\cg\CG-InteriorRendering\myglwidget.cpp(1,1): warning C4828: 文件包含在偏移 0x897 处开始的字符，该字符在当前源字符集中无效(代码页 65001)。
D:\cg\CG-InteriorRendering\myglwidget.cpp(1,1): warning C4828: 文件包含在偏移 0x899 处开始的字符，该字符在当前源字符集中无效(代码页 65001)。
D:\cg\CG-InteriorRendering\myglwidget.cpp(1,1): warning C4828: 文件包含在偏移 0x89a 处开始的字符，该字符在当前源字符集中无效(代码页 65001)。
D:\cg\CG-InteriorRendering\myglwidget.cpp(1,1): warning C4828: 文件包含在偏移 0x89b 处开始的字符，该字符在当前源字符集中无效(代码页 65001)。
D:\cg\CG-InteriorRendering\myglwidget.cpp(1,1): warning C4828: 文件包含在偏移 0x89c 处开始的字符，该字符在当前源字符集中无效(代码页 65001)。
D:\cg\CG-InteriorRendering\myglwidget.cpp(1,1): warning C4828: 文件包含在偏移 0x89e 处开始的字符，该字符在当前源字符集中无效(代码页 65001)。
D:\cg\CG-InteriorRendering\myglwidget.cpp(1,1): warning C4828: 文件包含在偏移 0x8a2 处开始的字符，该字符在当前源字符集中无效(代码页 65001)。
D:\cg\CG-InteriorRendering\myglwidget.cpp(1,1): warning C4828: 文件包含在偏移 0x8a3 处开始的字符，该字符在当前源字符集中无效(代码页 65001)。
D:\cg\CG-InteriorRendering\myglwidget.cpp(1,1): warning C4828: 文件包含在偏移 0x8a4 处开始的字符，该字符在当前源字符集中无效(代码页 65001)。
D:\cg\CG-InteriorRendering\myglwidget.cpp(1,1): warning C4828: 文件包含在偏移 0x8a6 处开始的字符，该字符在当前源字符集中无效(代码页 65001)。
D:\cg\CG-InteriorRendering\myglwidget.cpp(1,1): warning C4828: 文件包含在偏移 0x8a7 处开始的字符，该字符在当前源字符集中无效(代码页 65001)。
D:\cg\CG-InteriorRendering\myglwidget.cpp(1,1): warning C4828: 文件包含在偏移 0x8a9 处开始的字符，该字符在当前源字符集中无效(代码页 65001)。
D:\cg\CG-InteriorRendering\myglwidget.cpp(1,1): warning C4828: 文件包含在偏移 0x8aa 处开始的字符，该字符在当前源字符集中无效(代码页 65001)。
D:\cg\CG-InteriorRendering\myglwidget.cpp(1,1): warning C4828: 文件包含在偏移 0x8ab 处开始的字符，该字符在当前源字符集中无效(代码页 65001)。
D:\cg\CG-InteriorRendering\myglwidget.cpp(1,1): warning C4828: 文件包含在偏移 0x8ac 处开始的字符，该字符在当前源字符集中无效(代码页 65001)。
D:\cg\CG-InteriorRendering\myglwidget.cpp(1,1): warning C4828: 文件包含在偏移 0x8af 处开始的字符，该字符在当前源字符集中无效(代码页 65001)。
D:\cg\CG-InteriorRendering\myglwidget.cpp(1,1): warning C4828: 文件包含在偏移 0x8b1 处开始的字符，该字符在当前源字符集中无效(代码页 65001)。
D:\cg\CG-InteriorRendering\myglwidget.cpp(1,1): warning C4828: 文件包含在偏移 0x8b2 处开始的字符，该字符在当前源字符集中无效(代码页 65001)。
D:\cg\CG-InteriorRendering\myglwidget.cpp(1,1): warning C4828: 文件包含在偏移 0x8b3 处开始的字符，该字符在当前源字符集中无效(代码页 65001)。
D:\cg\CG-InteriorRendering\myglwidget.cpp(1,1): warning C4828: 文件包含在偏移 0x8b5 处开始的字符，该字符在当前源字符集中无效(代码页 65001)。
D:\cg\CG-InteriorRendering\myglwidget.cpp(1,1): warning C4828: 文件包含在偏移 0x8b7 处开始的字符，该字符在当前源字符集中无效(代码页 65001)。
D:\cg\CG-InteriorRendering\myglwidget.cpp(1,1): warning C4828: 文件包含在偏移 0x8b8 处开始的字符，该字符在当前源字符集中无效(代码页 65001)。
D:\cg\CG-InteriorRendering\myglwidget.cpp(1,1): warning C4828: 文件包含在偏移 0x8bc 处开始的字符，该字符在当前源字符集中无效(代码页 65001)。
D:\cg\CG-InteriorRendering\myglwidget.cpp(1,1): warning C4828: 文件包含在偏移 0x8bd 处开始的字符，该字符在当前源字符集中无效(代码页 65001)。
D:\cg\CG-InteriorRendering\myglwidget.cpp(1,1): warning C4828: 文件包含在偏移 0x8be 处开始的字符，该字符在当前源字符集中无效(代码页 65001)。
D:\cg\CG-InteriorRendering\myglwidget.cpp(1,1): warning C4828: 文件包含在偏移 0x8bf 处开始的字符，该字符在当前源字符集中无效(代码页 65001)。
D:\cg\CG-InteriorRendering\myglwidget.cpp(1,1): warning C4828: 文件包含在偏移 0x8c0 处开始的字符，该字符在当前源字符集中无效(代码页 65001)。
D:\cg\CG-InteriorRendering\myglwidget.cpp(1,1): warning C4828: 文件包含在偏移 0x8c2 处开始的字符，该字符在当前源字符集中无效(代码页 65001)。
D:\cg\CG-InteriorRendering\myglwidget.cpp(1,1): warning C4828: 文件包含在偏移 0x8c4 处开始的字符，该字符在当前源字符集中无效(代码页 65001)。
D:\cg\CG-InteriorRendering\myglwidget.cpp(1,1): warning C4828: 文件包含在偏移 0x8c5 处开始的字符，该字符在当前源字符集中无效(代码页 65001)。
D:\cg\CG-InteriorRendering\myglwidget.cpp(1,1): warning C4828: 文件包含在偏移 0x8c6 处开始的字符，该字符在当前源字符集中无效(代码页 65001)。
D:\cg\CG-InteriorRendering\myglwidget.cpp(1,1): warning C4828: 文件包含在偏移 0x8c8 处开始的字符，该字符在当前源字符集中无效(代码页 65001)。
D:\cg\CG-InteriorRendering\myglwidget.cpp(1,1): warning C4828: 文件包含在偏移 0x8c9 处开始的字符，该字符在当前源字符集中无效(代码页 65001)。
D:\cg\CG-InteriorRendering\myglwidget.cpp(1,1): warning C4828: 文件包含在偏移 0x8ca 处开始的字符，该字符在当前源字符集中无效(代码页 65001)。
D:\cg\CG-InteriorRendering\myglwidget.cpp(1,1): warning C4828: 文件包含在偏移 0xda1 处开始的字符，该字符在当前源字符集中无效(代码页 65001)。
D:\cg\CG-InteriorRendering\myglwidget.cpp(1,1): warning C4828: 文件包含在偏移 0xda4 处开始的字符，该字符在当前源字符集中无效(代码页 65001)。
D:\cg\CG-InteriorRendering\myglwidget.cpp(1,1): warning C4828: 文件包含在偏移 0xda6 处开始的字符，该字符在当前源字符集中无效(代码页 65001)。
D:\cg\CG-InteriorRendering\myglwidget.cpp(1,1): warning C4828: 文件包含在偏移 0xdd4 处开始的字符，该字符在当前源字符集中无效(代码页 65001)。
D:\cg\CG-InteriorRendering\myglwidget.cpp(1,1): warning C4828: 文件包含在偏移 0xdd7 处开始的字符，该字符在当前源字符集中无效(代码页 65001)。
D:\cg\CG-InteriorRendering\myglwidget.cpp(1,1): warning C4828: 文件包含在偏移 0xdd9 处开始的字符，该字符在当前源字符集中无效(代码页 65001)。
D:\cg\CG-InteriorRendering\myglwidget.cpp(1,1): warning C4828: 文件包含在偏移 0xe07 处开始的字符，该字符在当前源字符集中无效(代码页 65001)。
D:\cg\CG-InteriorRendering\myglwidget.cpp(1,1): warning C4828: 文件包含在偏移 0xe0a 处开始的字符，该字符在当前源字符集中无效(代码页 65001)。
D:\cg\CG-InteriorRendering\myglwidget.cpp(1,1): warning C4828: 文件包含在偏移 0xe0c 处开始的字符，该字符在当前源字符集中无效(代码页 65001)。
D:\cg\CG-InteriorRendering\myglwidget.h(1,1): warning C4828: 文件包含在偏移 0x12d 处开始的字符，该字符在当前源字符集中无效(代码页 65001)。
  (编译源文件“myglwidget.cpp”)
  
D:\cg\CG-InteriorRendering\myglwidget.h(1,1): warning C4828: 文件包含在偏移 0x12f 处开始的字符，该字符在当前源字符集中无效(代码页 65001)。
  (编译源文件“myglwidget.cpp”)
  
D:\cg\CG-InteriorRendering\myglwidget.h(1,1): warning C4828: 文件包含在偏移 0x131 处开始的字符，该字符在当前源字符集中无效(代码页 65001)。
  (编译源文件“myglwidget.cpp”)
  
D:\cg\CG-InteriorRendering\myglwidget.h(1,1): warning C4828: 文件包含在偏移 0x135 处开始的字符，该字符在当前源字符集中无效(代码页 65001)。
  (编译源文件“myglwidget.cpp”)
  
D:\cg\CG-InteriorRendering\myglwidget.h(1,1): warning C4828: 文件包含在偏移 0x137 处开始的字符，该字符在当前源字符集中无效(代码页 65001)。
  (编译源文件“myglwidget.cpp”)
  
D:\cg\CG-InteriorRendering\myglwidget.h(1,1): warning C4828: 文件包含在偏移 0x138 处开始的字符，该字符在当前源字符集中无效(代码页 65001)。
  (编译源文件“myglwidget.cpp”)
  
D:\cg\CG-InteriorRendering\myglwidget.h(1,1): warning C4828: 文件包含在偏移 0x2b8 处开始的字符，该字符在当前源字符集中无效(代码页 65001)。
  (编译源文件“myglwidget.cpp”)
  
D:\cg\CG-InteriorRendering\myglwidget.h(1,1): warning C4828: 文件包含在偏移 0x2b9 处开始的字符，该字符在当前源字符集中无效(代码页 65001)。
  (编译源文件“myglwidget.cpp”)
  
D:\cg\CG-InteriorRendering\myglwidget.h(1,1): warning C4828: 文件包含在偏移 0x2ba 处开始的字符，该字符在当前源字符集中无效(代码页 65001)。
  (编译源文件“myglwidget.cpp”)
  
D:\cg\CG-InteriorRendering\myglwidget.h(1,1): warning C4828: 文件包含在偏移 0x2bb 处开始的字符，该字符在当前源字符集中无效(代码页 65001)。
  (编译源文件“myglwidget.cpp”)
  
D:\cg\CG-InteriorRendering\myglwidget.h(1,1): warning C4828: 文件包含在偏移 0x2bc 处开始的字符，该字符在当前源字符集中无效(代码页 65001)。
  (编译源文件“myglwidget.cpp”)
  
D:\cg\CG-InteriorRendering\myglwidget.h(1,1): warning C4828: 文件包含在偏移 0x2bf 处开始的字符，该字符在当前源字符集中无效(代码页 65001)。
  (编译源文件“myglwidget.cpp”)
  
D:\cg\CG-InteriorRendering\myglwidget.h(1,1): warning C4828: 文件包含在偏移 0x307 处开始的字符，该字符在当前源字符集中无效(代码页 65001)。
  (编译源文件“myglwidget.cpp”)
  
D:\cg\CG-InteriorRendering\myglwidget.h(1,1): warning C4828: 文件包含在偏移 0x309 处开始的字符，该字符在当前源字符集中无效(代码页 65001)。
  (编译源文件“myglwidget.cpp”)
  
D:\cg\CG-InteriorRendering\myglwidget.h(1,1): warning C4828: 文件包含在偏移 0x30a 处开始的字符，该字符在当前源字符集中无效(代码页 65001)。
  (编译源文件“myglwidget.cpp”)
  
D:\cg\CG-InteriorRendering\myglwidget.h(1,1): warning C4828: 文件包含在偏移 0x360 处开始的字符，该字符在当前源字符集中无效(代码页 65001)。
  (编译源文件“myglwidget.cpp”)
  
D:\cg\CG-InteriorRendering\myglwidget.h(1,1): warning C4828: 文件包含在偏移 0x363 处开始的字符，该字符在当前源字符集中无效(代码页 65001)。
  (编译源文件“myglwidget.cpp”)
  
D:\cg\CG-InteriorRendering\myglwidget.h(1,1): warning C4828: 文件包含在偏移 0x364 处开始的字符，该字符在当前源字符集中无效(代码页 65001)。
  (编译源文件“myglwidget.cpp”)
  
D:\cg\CG-InteriorRendering\myglwidget.h(1,1): warning C4828: 文件包含在偏移 0x366 处开始的字符，该字符在当前源字符集中无效(代码页 65001)。
  (编译源文件“myglwidget.cpp”)
  
D:\cg\CG-InteriorRendering\myglwidget.h(1,1): warning C4828: 文件包含在偏移 0x369 处开始的字符，该字符在当前源字符集中无效(代码页 65001)。
  (编译源文件“myglwidget.cpp”)
  
D:\cg\CG-InteriorRendering\myglwidget.h(1,1): warning C4828: 文件包含在偏移 0x36a 处开始的字符，该字符在当前源字符集中无效(代码页 65001)。
  (编译源文件“myglwidget.cpp”)
  
D:\cg\CG-InteriorRendering\myglwidget.h(1,1): warning C4828: 文件包含在偏移 0x36c 处开始的字符，该字符在当前源字符集中无效(代码页 65001)。
  (编译源文件“myglwidget.cpp”)
  
D:\cg\CG-InteriorRendering\myglwidget.h(1,1): warning C4828: 文件包含在偏移 0x36d 处开始的字符，该字符在当前源字符集中无效(代码页 65001)。
  (编译源文件“myglwidget.cpp”)
  
D:\cg\CG-InteriorRendering\myglwidget.h(1,1): warning C4828: 文件包含在偏移 0x36e 处开始的字符，该字符在当前源字符集中无效(代码页 65001)。
  (编译源文件“myglwidget.cpp”)
  
D:\cg\CG-InteriorRendering\myglwidget.h(1,1): warning C4828: 文件包含在偏移 0x40a 处开始的字符，该字符在当前源字符集中无效(代码页 65001)。
  (编译源文件“myglwidget.cpp”)
  
D:\cg\CG-InteriorRendering\myglwidget.h(1,1): warning C4828: 文件包含在偏移 0x40b 处开始的字符，该字符在当前源字符集中无效(代码页 65001)。
  (编译源文件“myglwidget.cpp”)
  
D:\cg\CG-InteriorRendering\myglwidget.h(1,1): warning C4828: 文件包含在偏移 0x410 处开始的字符，该字符在当前源字符集中无效(代码页 65001)。
  (编译源文件“myglwidget.cpp”)
  
D:\cg\CG-InteriorRendering\myglwidget.h(1,1): warning C4828: 文件包含在偏移 0x411 处开始的字符，该字符在当前源字符集中无效(代码页 65001)。
  (编译源文件“myglwidget.cpp”)
  
D:\cg\CG-InteriorRendering\myglwidget.h(1,1): warning C4828: 文件包含在偏移 0x415 处开始的字符，该字符在当前源字符集中无效(代码页 65001)。
  (编译源文件“myglwidget.cpp”)
  
D:\cg\CG-InteriorRendering\myglwidget.h(1,1): warning C4828: 文件包含在偏移 0x416 处开始的字符，该字符在当前源字符集中无效(代码页 65001)。
  (编译源文件“myglwidget.cpp”)
  
D:\cg\CG-InteriorRendering\myglwidget.h(1,1): warning C4828: 文件包含在偏移 0x417 处开始的字符，该字符在当前源字符集中无效(代码页 65001)。
  (编译源文件“myglwidget.cpp”)
  
D:\cg\CG-InteriorRendering\myglwidget.h(1,1): warning C4828: 文件包含在偏移 0x419 处开始的字符，该字符在当前源字符集中无效(代码页 65001)。
  (编译源文件“myglwidget.cpp”)
  
D:\cg\CG-InteriorRendering\myglwidget.h(1,1): warning C4828: 文件包含在偏移 0x41a 处开始的字符，该字符在当前源字符集中无效(代码页 65001)。
  (编译源文件“myglwidget.cpp”)
  
D:\cg\CG-InteriorRendering\myglwidget.h(1,1): warning C4828: 文件包含在偏移 0x41b 处开始的字符，该字符在当前源字符集中无效(代码页 65001)。
  (编译源文件“myglwidget.cpp”)
  
D:\cg\CG-InteriorRendering\myglwidget.h(1,1): warning C4828: 文件包含在偏移 0x41c 处开始的字符，该字符在当前源字符集中无效(代码页 65001)。
  (编译源文件“myglwidget.cpp”)
  
D:\cg\CG-InteriorRendering\myglwidget.h(1,1): warning C4828: 文件包含在偏移 0x44e 处开始的字符，该字符在当前源字符集中无效(代码页 65001)。
  (编译源文件“myglwidget.cpp”)
  
D:\cg\CG-InteriorRendering\myglwidget.h(1,1): warning C4828: 文件包含在偏移 0x450 处开始的字符，该字符在当前源字符集中无效(代码页 65001)。
  (编译源文件“myglwidget.cpp”)
  
D:\cg\CG-InteriorRendering\myglwidget.h(1,1): warning C4828: 文件包含在偏移 0x452 处开始的字符，该字符在当前源字符集中无效(代码页 65001)。
  (编译源文件“myglwidget.cpp”)
  
D:\cg\CG-InteriorRendering\myglwidget.h(1,1): warning C4828: 文件包含在偏移 0x456 处开始的字符，该字符在当前源字符集中无效(代码页 65001)。
  (编译源文件“myglwidget.cpp”)
  
D:\cg\CG-InteriorRendering\myglwidget.h(1,1): warning C4828: 文件包含在偏移 0x45a 处开始的字符，该字符在当前源字符集中无效(代码页 65001)。
  (编译源文件“myglwidget.cpp”)
  
D:\cg\CG-InteriorRendering\myglwidget.h(1,1): warning C4828: 文件包含在偏移 0x45c 处开始的字符，该字符在当前源字符集中无效(代码页 65001)。
  (编译源文件“myglwidget.cpp”)
  
D:\cg\CG-InteriorRendering\myglwidget.h(1,1): warning C4828: 文件包含在偏移 0x45d 处开始的字符，该字符在当前源字符集中无效(代码页 65001)。
  (编译源文件“myglwidget.cpp”)
  
D:\cg\CG-InteriorRendering\myglwidget.h(1,1): warning C4828: 文件包含在偏移 0x45f 处开始的字符，该字符在当前源字符集中无效(代码页 65001)。
  (编译源文件“myglwidget.cpp”)
  
D:\cg\CG-InteriorRendering\myglwidget.cpp(7,24): error C3806: “,”: 意外标记，应为“}”或成员初始值设定项
  正在生成代码...
